#
# There is insufficient memory for the Java Runtime Environment to continue.
# Native memory allocation (malloc) failed to allocate 1048576 bytes for AllocateHeap
# Possible reasons:
#   The system is out of physical RAM or swap space
#   In 32 bit mode, the process size limit was hit
# Possible solutions:
#   Reduce memory load on the system
#   Increase physical memory or swap space
#   Check if swap backing store is full
#   Use 64 bit Java on a 64 bit OS
#   Decrease Java heap size (-Xmx/-Xms)
#   Decrease number of Java threads
#   Decrease Java thread stack sizes (-Xss)
#   Set larger code cache with -XX:ReservedCodeCacheSize=
# This output file may be truncated or incomplete.
#
#  Out of Memory Error (memory/allocation.inline.hpp:61), pid=9880, tid=0x0000000000001698
#
# JRE version:  (8.0_111-b14) (build )
# Java VM: Java HotSpot(TM) 64-Bit Server VM (25.111-b14 mixed mode windows-amd64 compressed oops)
# Failed to write core dump. Minidumps are not enabled by default on client versions of Windows
#

---------------  T H R E A D  ---------------

Current thread (0x0000000002a20800):  JavaThread "Unknown thread" [_thread_in_vm, id=5784, stack(0x0000000002920000,0x0000000002a20000)]

Stack: [0x0000000002920000,0x0000000002a20000]
[error occurred during error reporting (printing stack bounds), id 0xc0000005]

Native frames: (J=compiled Java code, j=interpreted, Vv=VM code, C=native code)


---------------  P R O C E S S  ---------------

Java Threads: ( => current thread )

Other Threads:

=>0x0000000002a20800 (exited) JavaThread "Unknown thread" [_thread_in_vm, id=5784, stack(0x0000000002920000,0x0000000002a20000)]

VM state:not at safepoint (normal execution)

VM Mutex/Monitor currently owned by a thread: None

Heap:
 PSYoungGen      total 38400K, used 665K [0x00000000d5c00000, 0x00000000d8680000, 0x0000000100000000)
  eden space 33280K, 2% used [0x00000000d5c00000,0x00000000d5ca6670,0x00000000d7c80000)
  from space 5120K, 0% used [0x00000000d8180000,0x00000000d8180000,0x00000000d8680000)
  to   space 5120K, 0% used [0x00000000d7c80000,0x00000000d7c80000,0x00000000d8180000)
 ParOldGen       total 87552K, used 0K [0x0000000081400000, 0x0000000086980000, 0x00000000d5c00000)
  object space 87552K, 0% used [0x0000000081400000,0x0000000081400000,0x0000000086980000)
 Metaspace       used 770K, capacity 4480K, committed 4480K, reserved 1056768K
  class space    used 75K, capacity 384K, committed 384K, reserved 1048576K

Card table byte_map: [0x0000000011ee0000,0x00000000122e0000] byte_map_base: 0x0000000011ad6000

Marking Bits: (ParMarkBitMap*) 0x000000005c41a6c0
 Begin Bits: [0x0000000012990000, 0x0000000014940000)
 End Bits:   [0x0000000014940000, 0x00000000168f0000)

Polling page: 0x0000000000bb0000

CodeCache: size=245760Kb used=328Kb max_used=328Kb free=245431Kb
 bounds [0x0000000002b20000, 0x0000000002d90000, 0x0000000011b20000]
 total_blobs=58 nmethods=0 adapters=38
 compilation: enabled

Compilation events (0 events):
No events

GC Heap History (0 events):
No events

Deoptimization events (0 events):
No events

Internal exceptions (0 events):
No events

Events (10 events):
Event: 0.030 loading class java/lang/Short
Event: 0.030 loading class java/lang/Short done
Event: 0.030 loading class java/lang/Integer
Event: 0.030 loading class java/lang/Integer done
Event: 0.030 loading class java/lang/Long
Event: 0.030 loading class java/lang/Long done
Event: 0.031 loading class java/lang/NullPointerException
Event: 0.031 loading class java/lang/NullPointerException done
Event: 0.031 loading class java/lang/ArithmeticException
Event: 0.031 loading class java/lang/ArithmeticException done


Dynamic libraries:
0x00007ff73abf0000 - 0x00007ff73ac27000 	C:\Program Files\Java\jdk1.8.0_111\bin\java.exe
0x00007ffce6c80000 - 0x00007ffce6e51000 	C:\Windows\SYSTEM32\ntdll.dll
0x00007ffce50c0000 - 0x00007ffce516c000 	C:\Windows\System32\KERNEL32.DLL
0x00007ffce3d30000 - 0x00007ffce3f4d000 	C:\Windows\System32\KERNELBASE.dll
0x00007ffce4740000 - 0x00007ffce47e2000 	C:\Windows\System32\ADVAPI32.dll
0x00007ffce4960000 - 0x00007ffce49fe000 	C:\Windows\System32\msvcrt.dll
0x00007ffce4ac0000 - 0x00007ffce4b19000 	C:\Windows\System32\sechost.dll
0x00007ffce45f0000 - 0x00007ffce4711000 	C:\Windows\System32\RPCRT4.dll
0x00007ffce47f0000 - 0x00007ffce4955000 	C:\Windows\System32\USER32.dll
0x00007ffce3180000 - 0x00007ffce319e000 	C:\Windows\System32\win32u.dll
0x00007ffce45b0000 - 0x00007ffce45e4000 	C:\Windows\System32\GDI32.dll
0x00007ffce32c0000 - 0x00007ffce3440000 	C:\Windows\System32\gdi32full.dll
0x00007ffcd6f40000 - 0x00007ffcd71ba000 	C:\Windows\WinSxS\amd64_microsoft.windows.common-controls_6595b64144ccf1df_6.0.14393.953_none_42151e83c686086b\COMCTL32.dll
0x00007ffce42e0000 - 0x00007ffce45a8000 	C:\Windows\System32\combase.dll
0x00007ffce3440000 - 0x00007ffce3535000 	C:\Windows\System32\ucrtbase.dll
0x00007ffce3250000 - 0x00007ffce32ba000 	C:\Windows\System32\bcryptPrimitives.dll
0x00007ffce4b80000 - 0x00007ffce4bae000 	C:\Windows\System32\IMM32.DLL
0x000000005d080000 - 0x000000005d152000 	C:\Program Files\Java\jdk1.8.0_111\jre\bin\msvcr100.dll
0x000000005bc00000 - 0x000000005c49a000 	C:\Program Files\Java\jdk1.8.0_111\jre\bin\server\jvm.dll
0x00007ffce6690000 - 0x00007ffce6698000 	C:\Windows\System32\PSAPI.DLL
0x00007ffcd3490000 - 0x00007ffcd3499000 	C:\Windows\SYSTEM32\WSOCK32.dll
0x00007ffcd4db0000 - 0x00007ffcd4dba000 	C:\Windows\SYSTEM32\VERSION.dll
0x00007ffce0c90000 - 0x00007ffce0cb3000 	C:\Windows\SYSTEM32\WINMM.dll
0x00007ffce4bb0000 - 0x00007ffce4c1a000 	C:\Windows\System32\WS2_32.dll
0x0000000002820000 - 0x000000000284b000 	C:\Windows\SYSTEM32\WINMMBASE.dll
0x00007ffce41c0000 - 0x00007ffce4202000 	C:\Windows\System32\cfgmgr32.dll
0x000000005d5a0000 - 0x000000005d5af000 	C:\Program Files\Java\jdk1.8.0_111\jre\bin\verify.dll
0x000000005d520000 - 0x000000005d549000 	C:\Program Files\Java\jdk1.8.0_111\jre\bin\java.dll
0x000000005d500000 - 0x000000005d516000 	C:\Program Files\Java\jdk1.8.0_111\jre\bin\zip.dll

VM Arguments:
jvm_args: -Djava.awt.headless=true -Dfile.encoding=windows-1252 -Duser.country=US -Duser.language=en -Duser.variant 
java_command: com.android.multidex.ClassReferenceListBuilder E:\androidSTUDIO\Triplescale\app\build\intermediates\multi-dex\debug\componentClasses.jar E:\androidSTUDIO\Triplescale\app\build\intermediates\transforms\jarMerging\debug\jars\1\1f\combined.jar
java_class_path (initial): C:\Users\bishal\AppData\Local\Android\sdk\build-tools\25.0.2\lib\dx.jar
Launcher Type: SUN_STANDARD

Environment Variables:
JAVA_HOME=C:\Program Files\Java\jdk1.8.0_111
PATH=C:\ProgramData\Oracle\Java\javapath;C:\Windows\system32;C:\Windows;C:\Windows\System32\Wbem;C:\Windows\System32\WindowsPowerShell\v1.0\;C:\sqlite;C:\Program Files (x86)\Skype\Phone\;GRADLE_HOME/bin;C:\Program Files\Git\cmd;C:\Program Files (x86)\OpenVPN\bin;C:\Program Files\MySQL\MySQL Utilities 1.6\;C:\Users\bishal\AppData\Local\Microsoft\WindowsApps;C:\sqlite;GRADLE_HOME/bin
USERNAME=bishal
OS=Windows_NT
PROCESSOR_IDENTIFIER=Intel64 Family 6 Model 60 Stepping 3, GenuineIntel



---------------  S Y S T E M  ---------------

OS: Windows 10.0 , 64 bit Build 14393 (10.0.14393.1198)

CPU:total 4 (2 cores per cpu, 2 threads per core) family 6 model 60 stepping 3, cmov, cx8, fxsr, mmx, sse, sse2, sse3, ssse3, sse4.1, sse4.2, popcnt, avx, avx2, aes, clmul, erms, lzcnt, ht, tsc, tscinvbit, bmi1, bmi2

Memory: 4k page, physical 8302956k(1372140k free), swap 27923848k(5540k free)

vm_info: Java HotSpot(TM) 64-Bit Server VM (25.111-b14) for windows-amd64 JRE (1.8.0_111-b14), built on Sep 22 2016 19:24:05 by "java_re" with MS VC++ 10.0 (VS2010)

time: Mon Jul 10 21:41:31 2017
elapsed time: 0 seconds (0d 0h 0m 0s)

