#
# There is insufficient memory for the Java Runtime Environment to continue.
# Native memory allocation (malloc) failed to allocate 1576976 bytes for Chunk::new
# Possible reasons:
#   The system is out of physical RAM or swap space
#   In 32 bit mode, the process size limit was hit
# Possible solutions:
#   Reduce memory load on the system
#   Increase physical memory or swap space
#   Check if swap backing store is full
#   Use 64 bit Java on a 64 bit OS
#   Decrease Java heap size (-Xmx/-Xms)
#   Decrease number of Java threads
#   Decrease Java thread stack sizes (-Xss)
#   Set larger code cache with -XX:ReservedCodeCacheSize=
# This output file may be truncated or incomplete.
#
#  Out of Memory Error (allocation.cpp:390), pid=5660, tid=0x0000000000003374
#
# JRE version: Java(TM) SE Runtime Environment (8.0_111-b14) (build 1.8.0_111-b14)
# Java VM: Java HotSpot(TM) 64-Bit Server VM (25.111-b14 mixed mode windows-amd64 compressed oops)
# Failed to write core dump. Minidumps are not enabled by default on client versions of Windows
#

---------------  T H R E A D  ---------------

Current thread (0x0000000017d13000):  JavaThread "C2 CompilerThread1" daemon [_thread_in_native, id=13172, stack(0x0000000019450000,0x0000000019550000)]

Stack: [0x0000000019450000,0x0000000019550000]
[error occurred during error reporting (printing stack bounds), id 0xc0000005]

Native frames: (J=compiled Java code, j=interpreted, Vv=VM code, C=native code)


Current CompileTask:
C2:   1354  498   !   4       com.android.multidex.ClassReferenceListBuilder::addClassWithHierachy (124 bytes)


---------------  P R O C E S S  ---------------

Java Threads: ( => current thread )
  0x0000000019680800 JavaThread "Service Thread" daemon [_thread_blocked, id=7428, stack(0x0000000019a50000,0x0000000019b50000)]
  0x0000000017d19000 JavaThread "C1 CompilerThread2" daemon [_thread_in_native, id=7928, stack(0x0000000019550000,0x0000000019650000)]
=>0x0000000017d13000 JavaThread "C2 CompilerThread1" daemon [_thread_in_native, id=13172, stack(0x0000000019450000,0x0000000019550000)]
  0x0000000017d0b800 JavaThread "C2 CompilerThread0" daemon [_thread_in_native, id=8316, stack(0x0000000019350000,0x0000000019450000)]
  0x0000000017d0a000 JavaThread "Attach Listener" daemon [_thread_blocked, id=13320, stack(0x0000000019250000,0x0000000019350000)]
  0x0000000017d08800 JavaThread "Signal Dispatcher" daemon [_thread_blocked, id=3184, stack(0x0000000019150000,0x0000000019250000)]
  0x0000000017cfa800 JavaThread "Finalizer" daemon [_thread_blocked, id=7712, stack(0x0000000018f60000,0x0000000019060000)]
  0x0000000017cd8800 JavaThread "Reference Handler" daemon [_thread_blocked, id=748, stack(0x0000000018e60000,0x0000000018f60000)]
  0x00000000030a0800 JavaThread "main" [_thread_in_native, id=7628, stack(0x0000000002ee0000,0x0000000002fe0000)]

Other Threads:
  0x0000000017cd8000 VMThread [stack: 0x0000000018d60000,0x0000000018e60000] [id=5404]
  0x0000000019682000 WatcherThread [stack: 0x0000000019b50000,0x0000000019c50000] [id=13684]

VM state:not at safepoint (normal execution)

VM Mutex/Monitor currently owned by a thread: None

Heap:
 PSYoungGen      total 38400K, used 22349K [0x00000000d5c00000, 0x00000000d8680000, 0x0000000100000000)
  eden space 33280K, 51% used [0x00000000d5c00000,0x00000000d6cd5e88,0x00000000d7c80000)
  from space 5120K, 99% used [0x00000000d8180000,0x00000000d867d970,0x00000000d8680000)
  to   space 5120K, 0% used [0x00000000d7c80000,0x00000000d7c80000,0x00000000d8180000)
 ParOldGen       total 87552K, used 1525K [0x0000000081400000, 0x0000000086980000, 0x00000000d5c00000)
  object space 87552K, 1% used [0x0000000081400000,0x000000008157d518,0x0000000086980000)
 Metaspace       used 3881K, capacity 5144K, committed 5376K, reserved 1056768K
  class space    used 421K, capacity 456K, committed 512K, reserved 1048576K

Card table byte_map: [0x0000000012560000,0x0000000012960000] byte_map_base: 0x0000000012156000

Marking Bits: (ParMarkBitMap*) 0x000000005c41a6c0
 Begin Bits: [0x0000000013010000, 0x0000000014fc0000)
 End Bits:   [0x0000000014fc0000, 0x0000000016f70000)

Polling page: 0x0000000001220000

CodeCache: size=245760Kb used=3114Kb max_used=3149Kb free=242645Kb
 bounds [0x00000000031a0000, 0x00000000034c0000, 0x00000000121a0000]
 total_blobs=783 nmethods=534 adapters=162
 compilation: enabled

Compilation events (10 events):
Event: 1.312 Thread 0x0000000017d0b800 nmethod 410 0x000000000349db10 code [0x000000000349e560, 0x00000000034a8180]
Event: 1.313 Thread 0x0000000017d0b800  531 %     4       com.android.dx.cf.cst.ConstantPoolParser::parse @ 96 (365 bytes)
Event: 1.316 Thread 0x0000000017d0b800 nmethod 531% 0x000000000349a490 code [0x000000000349a5e0, 0x000000000349a7c8]
Event: 1.316 Thread 0x0000000017d0b800  500 % !   4       com.android.dx.cf.cst.ConstantPoolParser::determineOffsets @ 5 (285 bytes)
Event: 1.320 Thread 0x0000000017d0b800 nmethod 500% 0x000000000349b7d0 code [0x000000000349baa0, 0x000000000349bff8]
Event: 1.320 Thread 0x0000000017d0b800  537       4       com.android.dx.cf.cst.ConstantPoolParser::parse (365 bytes)
Event: 1.324 Thread 0x0000000017d19000  538       1       com.android.dx.rop.cst.CstLiteral64::isCategory2 (2 bytes)
Event: 1.324 Thread 0x0000000017d19000 nmethod 538 0x000000000349b510 code [0x000000000349b660, 0x000000000349b770]
Event: 1.331 Thread 0x0000000017d0b800 nmethod 537 0x0000000003499350 code [0x00000000034995a0, 0x0000000003499be8]
Event: 1.331 Thread 0x0000000017d0b800  539   !   4       com.android.dx.cf.cst.ConstantPoolParser::determineOffsets (285 bytes)

GC Heap History (4 events):
Event: 0.915 GC heap before
{Heap before GC invocations=1 (full 0):
 PSYoungGen      total 38400K, used 33280K [0x00000000d5c00000, 0x00000000d8680000, 0x0000000100000000)
  eden space 33280K, 100% used [0x00000000d5c00000,0x00000000d7c80000,0x00000000d7c80000)
  from space 5120K, 0% used [0x00000000d8180000,0x00000000d8180000,0x00000000d8680000)
  to   space 5120K, 0% used [0x00000000d7c80000,0x00000000d7c80000,0x00000000d8180000)
 ParOldGen       total 87552K, used 0K [0x0000000081400000, 0x0000000086980000, 0x00000000d5c00000)
  object space 87552K, 0% used [0x0000000081400000,0x0000000081400000,0x0000000086980000)
 Metaspace       used 3844K, capacity 5144K, committed 5376K, reserved 1056768K
  class space    used 418K, capacity 456K, committed 512K, reserved 1048576K
Event: 0.922 GC heap after
Heap after GC invocations=1 (full 0):
 PSYoungGen      total 38400K, used 4875K [0x00000000d5c00000, 0x00000000d8680000, 0x0000000100000000)
  eden space 33280K, 0% used [0x00000000d5c00000,0x00000000d5c00000,0x00000000d7c80000)
  from space 5120K, 95% used [0x00000000d7c80000,0x00000000d8142c20,0x00000000d8180000)
  to   space 5120K, 0% used [0x00000000d8180000,0x00000000d8180000,0x00000000d8680000)
 ParOldGen       total 87552K, used 8K [0x0000000081400000, 0x0000000086980000, 0x00000000d5c00000)
  object space 87552K, 0% used [0x0000000081400000,0x0000000081402000,0x0000000086980000)
 Metaspace       used 3844K, capacity 5144K, committed 5376K, reserved 1056768K
  class space    used 418K, capacity 456K, committed 512K, reserved 1048576K
}
Event: 1.258 GC heap before
{Heap before GC invocations=2 (full 0):
 PSYoungGen      total 38400K, used 38155K [0x00000000d5c00000, 0x00000000d8680000, 0x0000000100000000)
  eden space 33280K, 100% used [0x00000000d5c00000,0x00000000d7c80000,0x00000000d7c80000)
  from space 5120K, 95% used [0x00000000d7c80000,0x00000000d8142c20,0x00000000d8180000)
  to   space 5120K, 0% used [0x00000000d8180000,0x00000000d8180000,0x00000000d8680000)
 ParOldGen       total 87552K, used 8K [0x0000000081400000, 0x0000000086980000, 0x00000000d5c00000)
  object space 87552K, 0% used [0x0000000081400000,0x0000000081402000,0x0000000086980000)
 Metaspace       used 3879K, capacity 5144K, committed 5376K, reserved 1056768K
  class space    used 421K, capacity 456K, committed 512K, reserved 1048576K
Event: 1.269 GC heap after
Heap after GC invocations=2 (full 0):
 PSYoungGen      total 38400K, used 5110K [0x00000000d5c00000, 0x00000000d8680000, 0x0000000100000000)
  eden space 33280K, 0% used [0x00000000d5c00000,0x00000000d5c00000,0x00000000d7c80000)
  from space 5120K, 99% used [0x00000000d8180000,0x00000000d867d970,0x00000000d8680000)
  to   space 5120K, 0% used [0x00000000d7c80000,0x00000000d7c80000,0x00000000d8180000)
 ParOldGen       total 87552K, used 1525K [0x0000000081400000, 0x0000000086980000, 0x00000000d5c00000)
  object space 87552K, 1% used [0x0000000081400000,0x000000008157d518,0x0000000086980000)
 Metaspace       used 3879K, capacity 5144K, committed 5376K, reserved 1056768K
  class space    used 421K, capacity 456K, committed 512K, reserved 1048576K
}

Deoptimization events (2 events):
Event: 0.717 Thread 0x00000000030a0800 Uncommon trap: reason=unstable_if action=reinterpret pc=0x000000000331c588 method=java.lang.String.<init>([CII)V @ 18
Event: 0.720 Thread 0x00000000030a0800 Uncommon trap: reason=unstable_if action=reinterpret pc=0x00000000033320b8 method=java.lang.String.<init>([CII)V @ 18

Internal exceptions (2 events):
Event: 0.038 Thread 0x00000000030a0800 Exception <a 'java/lang/NoSuchMethodError': Method sun.misc.Unsafe.defineClass(Ljava/lang/String;[BII)Ljava/lang/Class; name or signature does not match> (0x00000000d5c07c78) thrown at [C:\re\workspace\8-2-build-windows-amd64-cygwin\jdk8u111\7883\hotspot\
Event: 0.039 Thread 0x00000000030a0800 Exception <a 'java/lang/NoSuchMethodError': Method sun.misc.Unsafe.prefetchRead(Ljava/lang/Object;J)V name or signature does not match> (0x00000000d5c07f60) thrown at [C:\re\workspace\8-2-build-windows-amd64-cygwin\jdk8u111\7883\hotspot\src\share\vm\prims

Events (10 events):
Event: 1.136 loading class java/util/NoSuchElementException
Event: 1.136 loading class java/util/NoSuchElementException done
Event: 1.258 Executing VM operation: ParallelGCFailedAllocation
Event: 1.269 Executing VM operation: ParallelGCFailedAllocation done
Event: 1.320 Thread 0x00000000030a0800 DEOPT PACKING pc=0x00000000033bce0b sp=0x0000000002fdf0b0
Event: 1.320 Thread 0x00000000030a0800 DEOPT UNPACKING pc=0x00000000031e787f sp=0x0000000002fdeec0 mode 0
Event: 1.330 Thread 0x00000000030a0800 DEOPT PACKING pc=0x00000000033bce0b sp=0x0000000002fdf0b0
Event: 1.330 Thread 0x00000000030a0800 DEOPT UNPACKING pc=0x00000000031e787f sp=0x0000000002fdeec0 mode 0
Event: 1.330 Thread 0x00000000030a0800 DEOPT PACKING pc=0x00000000033b6ee4 sp=0x0000000002fdefb0
Event: 1.330 Thread 0x00000000030a0800 DEOPT UNPACKING pc=0x00000000031e787f sp=0x0000000002fded70 mode 0


Dynamic libraries:
0x00007ff73abf0000 - 0x00007ff73ac27000 	C:\Program Files\Java\jdk1.8.0_111\bin\java.exe
0x00007ffce6c80000 - 0x00007ffce6e51000 	C:\Windows\SYSTEM32\ntdll.dll
0x00007ffce50c0000 - 0x00007ffce516c000 	C:\Windows\System32\KERNEL32.DLL
0x00007ffce3d30000 - 0x00007ffce3f4d000 	C:\Windows\System32\KERNELBASE.dll
0x00007ffce4740000 - 0x00007ffce47e2000 	C:\Windows\System32\ADVAPI32.dll
0x00007ffce4960000 - 0x00007ffce49fe000 	C:\Windows\System32\msvcrt.dll
0x00007ffce4ac0000 - 0x00007ffce4b19000 	C:\Windows\System32\sechost.dll
0x00007ffce45f0000 - 0x00007ffce4711000 	C:\Windows\System32\RPCRT4.dll
0x00007ffce47f0000 - 0x00007ffce4955000 	C:\Windows\System32\USER32.dll
0x00007ffce3180000 - 0x00007ffce319e000 	C:\Windows\System32\win32u.dll
0x00007ffce45b0000 - 0x00007ffce45e4000 	C:\Windows\System32\GDI32.dll
0x00007ffce32c0000 - 0x00007ffce3440000 	C:\Windows\System32\gdi32full.dll
0x00007ffcd6f40000 - 0x00007ffcd71ba000 	C:\Windows\WinSxS\amd64_microsoft.windows.common-controls_6595b64144ccf1df_6.0.14393.953_none_42151e83c686086b\COMCTL32.dll
0x00007ffce42e0000 - 0x00007ffce45a8000 	C:\Windows\System32\combase.dll
0x00007ffce3440000 - 0x00007ffce3535000 	C:\Windows\System32\ucrtbase.dll
0x00007ffce3250000 - 0x00007ffce32ba000 	C:\Windows\System32\bcryptPrimitives.dll
0x00007ffce4b80000 - 0x00007ffce4bae000 	C:\Windows\System32\IMM32.DLL
0x000000005d080000 - 0x000000005d152000 	C:\Program Files\Java\jdk1.8.0_111\jre\bin\msvcr100.dll
0x000000005bc00000 - 0x000000005c49a000 	C:\Program Files\Java\jdk1.8.0_111\jre\bin\server\jvm.dll
0x00007ffce6690000 - 0x00007ffce6698000 	C:\Windows\System32\PSAPI.DLL
0x00007ffcd3490000 - 0x00007ffcd3499000 	C:\Windows\SYSTEM32\WSOCK32.dll
0x00007ffce0c90000 - 0x00007ffce0cb3000 	C:\Windows\SYSTEM32\WINMM.dll
0x00007ffcd4db0000 - 0x00007ffcd4dba000 	C:\Windows\SYSTEM32\VERSION.dll
0x00007ffce4bb0000 - 0x00007ffce4c1a000 	C:\Windows\System32\WS2_32.dll
0x00007ffce0c30000 - 0x00007ffce0c5b000 	C:\Windows\SYSTEM32\WINMMBASE.dll
0x00007ffce41c0000 - 0x00007ffce4202000 	C:\Windows\System32\cfgmgr32.dll
0x000000005d5a0000 - 0x000000005d5af000 	C:\Program Files\Java\jdk1.8.0_111\jre\bin\verify.dll
0x000000005d520000 - 0x000000005d549000 	C:\Program Files\Java\jdk1.8.0_111\jre\bin\java.dll
0x000000005d500000 - 0x000000005d516000 	C:\Program Files\Java\jdk1.8.0_111\jre\bin\zip.dll
0x00007ffce5170000 - 0x00007ffce6678000 	C:\Windows\System32\SHELL32.dll
0x00007ffce3540000 - 0x00007ffce3c1a000 	C:\Windows\System32\windows.storage.dll
0x00007ffce3120000 - 0x00007ffce316c000 	C:\Windows\System32\powrprof.dll
0x00007ffce4270000 - 0x00007ffce42c2000 	C:\Windows\System32\shlwapi.dll
0x00007ffce3110000 - 0x00007ffce311f000 	C:\Windows\System32\kernel.appcore.dll
0x00007ffce31a0000 - 0x00007ffce3249000 	C:\Windows\System32\shcore.dll
0x00007ffce30f0000 - 0x00007ffce3104000 	C:\Windows\System32\profapi.dll

VM Arguments:
jvm_args: -Djava.awt.headless=true -Dfile.encoding=windows-1252 -Duser.country=US -Duser.language=en -Duser.variant 
java_command: com.android.multidex.ClassReferenceListBuilder E:\androidSTUDIO\Triplescale\app\build\intermediates\multi-dex\debug\componentClasses.jar E:\androidSTUDIO\Triplescale\app\build\intermediates\transforms\jarMerging\debug\jars\1\1f\combined.jar
java_class_path (initial): C:\Users\bishal\AppData\Local\Android\sdk\build-tools\25.0.2\lib\dx.jar
Launcher Type: SUN_STANDARD

Environment Variables:
JAVA_HOME=C:\Program Files\Java\jdk1.8.0_111
PATH=C:\ProgramData\Oracle\Java\javapath;C:\Windows\system32;C:\Windows;C:\Windows\System32\Wbem;C:\Windows\System32\WindowsPowerShell\v1.0\;C:\sqlite;C:\Program Files (x86)\Skype\Phone\;GRADLE_HOME/bin;C:\Program Files\Git\cmd;C:\Program Files (x86)\OpenVPN\bin;C:\Program Files\MySQL\MySQL Utilities 1.6\;C:\Users\bishal\AppData\Local\Microsoft\WindowsApps;C:\sqlite;GRADLE_HOME/bin
USERNAME=bishal
OS=Windows_NT
PROCESSOR_IDENTIFIER=Intel64 Family 6 Model 60 Stepping 3, GenuineIntel



---------------  S Y S T E M  ---------------

OS: Windows 10.0 , 64 bit Build 14393 (10.0.14393.1198)

CPU:total 4 (2 cores per cpu, 2 threads per core) family 6 model 60 stepping 3, cmov, cx8, fxsr, mmx, sse, sse2, sse3, ssse3, sse4.1, sse4.2, popcnt, avx, avx2, aes, clmul, erms, lzcnt, ht, tsc, tscinvbit, bmi1, bmi2

Memory: 4k page, physical 8302956k(1705252k free), swap 27923848k(8764k free)

vm_info: Java HotSpot(TM) 64-Bit Server VM (25.111-b14) for windows-amd64 JRE (1.8.0_111-b14), built on Sep 22 2016 19:24:05 by "java_re" with MS VC++ 10.0 (VS2010)

time: Mon Jul 10 21:34:04 2017
elapsed time: 1 seconds (0d 0h 0m 1s)

